<?xml version="1.0" encoding="UTF-8"?>
<testng-results skipped="0" failed="0" total="4" passed="4">
  <reporter-output>
  </reporter-output>
  <suite name="Suite1" duration-ms="239" started-at="2017-01-22T06:17:17Z" finished-at="2017-01-22T06:17:18Z">
    <groups>
    </groups>
    <test name="Nopackage" duration-ms="98" started-at="2017-01-22T06:17:17Z" finished-at="2017-01-22T06:17:17Z">
      <class name="learningTestNg.TestNgAnnotation">
        <test-method status="PASS" signature="test1()[pri:0, instance:learningTestNg.TestNgAnnotation@7c16905e]" name="test1" duration-ms="18" started-at="2017-01-22T11:47:17Z" finished-at="2017-01-22T11:47:17Z">
          <reporter-output>
          </reporter-output>
        </test-method> <!-- test1 -->
        <test-method status="PASS" signature="test2()[pri:0, instance:learningTestNg.TestNgAnnotation@7c16905e]" name="test2" duration-ms="20" started-at="2017-01-22T11:47:17Z" finished-at="2017-01-22T11:47:17Z">
          <reporter-output>
          </reporter-output>
        </test-method> <!-- test2 -->
      </class> <!-- learningTestNg.TestNgAnnotation -->
    </test> <!-- Nopackage -->
    <test name="Regression1" duration-ms="56" started-at="2017-01-22T06:17:18Z" finished-at="2017-01-22T06:17:18Z">
      <class name="learningTestNg.TestNgAnnotation2">
        <test-method status="PASS" signature="beforeTest()[pri:0, instance:learningTestNg.TestNgAnnotation2@46d56d67]" name="beforeTest" is-config="true" duration-ms="1" started-at="2017-01-22T11:47:18Z" finished-at="2017-01-22T11:47:18Z">
          <reporter-output>
          </reporter-output>
        </test-method> <!-- beforeTest -->
        <test-method status="PASS" signature="BeforeClass()[pri:0, instance:learningTestNg.TestNgAnnotation2@46d56d67]" name="BeforeClass" is-config="true" duration-ms="0" started-at="2017-01-22T11:47:18Z" finished-at="2017-01-22T11:47:18Z">
          <reporter-output>
          </reporter-output>
        </test-method> <!-- BeforeClass -->
        <test-method status="PASS" signature="test3()[pri:0, instance:learningTestNg.TestNgAnnotation2@46d56d67]" name="test3" duration-ms="5" started-at="2017-01-22T11:47:18Z" finished-at="2017-01-22T11:47:18Z">
          <reporter-output>
          </reporter-output>
        </test-method> <!-- test3 -->
        <test-method status="PASS" signature="test4()[pri:0, instance:learningTestNg.TestNgAnnotation2@46d56d67]" name="test4" duration-ms="5" started-at="2017-01-22T11:47:18Z" finished-at="2017-01-22T11:47:18Z">
          <reporter-output>
          </reporter-output>
        </test-method> <!-- test4 -->
        <test-method status="PASS" signature="AfterClass()[pri:0, instance:learningTestNg.TestNgAnnotation2@46d56d67]" name="AfterClass" is-config="true" duration-ms="1" started-at="2017-01-22T11:47:18Z" finished-at="2017-01-22T11:47:18Z">
          <reporter-output>
          </reporter-output>
        </test-method> <!-- AfterClass -->
        <test-method status="PASS" signature="afterTest()[pri:0, instance:learningTestNg.TestNgAnnotation2@46d56d67]" name="afterTest" is-config="true" duration-ms="2" started-at="2017-01-22T11:47:18Z" finished-at="2017-01-22T11:47:18Z">
          <reporter-output>
          </reporter-output>
        </test-method> <!-- afterTest -->
      </class> <!-- learningTestNg.TestNgAnnotation2 -->
      <class name="learningTestNg.TestNgAnnotation">
        <test-method status="PASS" signature="beforeSuite()[pri:0, instance:learningTestNg.TestNgAnnotation@7c16905e]" name="beforeSuite" is-config="true" duration-ms="24" started-at="2017-01-22T11:47:17Z" finished-at="2017-01-22T11:47:17Z">
          <reporter-output>
          </reporter-output>
        </test-method> <!-- beforeSuite -->
        <test-method status="PASS" signature="afterSuite()[pri:0, instance:learningTestNg.TestNgAnnotation@7c16905e]" name="afterSuite" is-config="true" duration-ms="1" started-at="2017-01-22T11:47:18Z" finished-at="2017-01-22T11:47:18Z">
          <reporter-output>
          </reporter-output>
        </test-method> <!-- afterSuite -->
      </class> <!-- learningTestNg.TestNgAnnotation -->
    </test> <!-- Regression1 -->
  </suite> <!-- Suite1 -->
</testng-results>
